[18-May-2016 21:48:40 UTC] PHP Warning:  include_once(../Model/Usuario.php): failed to open stream: No such file or directory in /home/ubuntu/workspace/MVC/DAO/Usuario.php on line 3
[18-May-2016 21:48:40 UTC] PHP Stack trace:
[18-May-2016 21:48:40 UTC] PHP   1. {main}() /home/ubuntu/workspace/MVC/View/cliente/index.php:0
[18-May-2016 21:48:40 UTC] PHP   2. include_once() /home/ubuntu/workspace/MVC/View/cliente/index.php:3
[18-May-2016 21:48:40 UTC] PHP Warning:  include_once(): Failed opening '../Model/Usuario.php' for inclusion (include_path='.:/usr/share/php:/usr/share/pear') in /home/ubuntu/workspace/MVC/DAO/Usuario.php on line 3
[18-May-2016 21:48:40 UTC] PHP Stack trace:
[18-May-2016 21:48:40 UTC] PHP   1. {main}() /home/ubuntu/workspace/MVC/View/cliente/index.php:0
[18-May-2016 21:48:40 UTC] PHP   2. include_once() /home/ubuntu/workspace/MVC/View/cliente/index.php:3
[18-May-2016 21:48:40 UTC] PHP Fatal error:  Call to a member function selectAll() on a non-object in /home/ubuntu/workspace/MVC/View/cliente/index.php on line 5
[18-May-2016 21:48:40 UTC] PHP Stack trace:
[18-May-2016 21:48:40 UTC] PHP   1. {main}() /home/ubuntu/workspace/MVC/View/cliente/index.php:0
[18-May-2016 21:50:13 UTC] PHP Fatal error:  Call to a member function selectAll() on a non-object in /home/ubuntu/workspace/MVC/View/cliente/index.php on line 5
[18-May-2016 21:50:13 UTC] PHP Stack trace:
[18-May-2016 21:50:13 UTC] PHP   1. {main}() /home/ubuntu/workspace/MVC/View/cliente/index.php:0
[18-May-2016 22:09:31 UTC] PHP Parse error:  syntax error, unexpected '$_SESSION' (T_VARIABLE) in /home/ubuntu/workspace/MVC/Library/Auth.php on line 28
[18-May-2016 22:09:31 UTC] PHP Stack trace:
[18-May-2016 22:09:31 UTC] PHP   1. {main}() /home/ubuntu/workspace/MVC/View/cliente/index.php:0
[18-May-2016 22:09:31 UTC] PHP   2. include() /home/ubuntu/workspace/MVC/View/cliente/index.php:2
[21-May-2016 19:25:46 UTC] PHP Fatal error:  Class 'DAO_Cliente' not found in /home/ubuntu/workspace/MVC/View/cliente/adicionar.php on line 5
[21-May-2016 19:25:46 UTC] PHP Stack trace:
[21-May-2016 19:25:46 UTC] PHP   1. {main}() /home/ubuntu/workspace/MVC/View/cliente/adicionar.php:0
[21-May-2016 19:43:26 UTC] PHP Warning:  include_once(../Model/Usuario.php): failed to open stream: No such file or directory in /home/ubuntu/workspace/MVC/DAO/Cliente.php on line 3
[21-May-2016 19:43:26 UTC] PHP Stack trace:
[21-May-2016 19:43:26 UTC] PHP   1. {main}() /home/ubuntu/workspace/MVC/View/cliente/adicionar.php:0
[21-May-2016 19:43:26 UTC] PHP   2. include_once() /home/ubuntu/workspace/MVC/View/cliente/adicionar.php:3
[21-May-2016 19:43:26 UTC] PHP Warning:  include_once(): Failed opening '../Model/Usuario.php' for inclusion (include_path='.:/usr/share/php:/usr/share/pear') in /home/ubuntu/workspace/MVC/DAO/Cliente.php on line 3
[21-May-2016 19:43:26 UTC] PHP Stack trace:
[21-May-2016 19:43:26 UTC] PHP   1. {main}() /home/ubuntu/workspace/MVC/View/cliente/adicionar.php:0
[21-May-2016 19:43:26 UTC] PHP   2. include_once() /home/ubuntu/workspace/MVC/View/cliente/adicionar.php:3
[21-May-2016 19:45:52 UTC] PHP Warning:  include_once(../Model/Usuario.php): failed to open stream: No such file or directory in /home/ubuntu/workspace/MVC/DAO/Cliente.php on line 3
[21-May-2016 19:45:52 UTC] PHP Stack trace:
[21-May-2016 19:45:52 UTC] PHP   1. {main}() /home/ubuntu/workspace/MVC/View/cliente/adicionar.php:0
[21-May-2016 19:45:52 UTC] PHP   2. include_once() /home/ubuntu/workspace/MVC/View/cliente/adicionar.php:3
[21-May-2016 19:45:52 UTC] PHP Warning:  include_once(): Failed opening '../Model/Usuario.php' for inclusion (include_path='.:/usr/share/php:/usr/share/pear') in /home/ubuntu/workspace/MVC/DAO/Cliente.php on line 3
[21-May-2016 19:45:52 UTC] PHP Stack trace:
[21-May-2016 19:45:52 UTC] PHP   1. {main}() /home/ubuntu/workspace/MVC/View/cliente/adicionar.php:0
[21-May-2016 19:45:52 UTC] PHP   2. include_once() /home/ubuntu/workspace/MVC/View/cliente/adicionar.php:3
[21-May-2016 19:46:22 UTC] PHP Fatal error:  Class 'DAO_Cliente' not found in /home/ubuntu/workspace/MVC/View/cliente/adicionar.php on line 5
[21-May-2016 19:46:22 UTC] PHP Stack trace:
[21-May-2016 19:46:22 UTC] PHP   1. {main}() /home/ubuntu/workspace/MVC/View/cliente/adicionar.php:0
[21-May-2016 19:47:07 UTC] PHP Fatal error:  Class 'DAO_Cliente' not found in /home/ubuntu/workspace/MVC/View/cliente/adicionar.php on line 5
[21-May-2016 19:47:07 UTC] PHP Stack trace:
[21-May-2016 19:47:07 UTC] PHP   1. {main}() /home/ubuntu/workspace/MVC/View/cliente/adicionar.php:0
[21-May-2016 19:47:28 UTC] PHP Warning:  include_once(../Model/Usuario.php): failed to open stream: No such file or directory in /home/ubuntu/workspace/MVC/DAO/Cliente.php on line 3
[21-May-2016 19:47:28 UTC] PHP Stack trace:
[21-May-2016 19:47:28 UTC] PHP   1. {main}() /home/ubuntu/workspace/MVC/View/cliente/adicionar.php:0
[21-May-2016 19:47:28 UTC] PHP   2. include_once() /home/ubuntu/workspace/MVC/View/cliente/adicionar.php:3
[21-May-2016 19:47:28 UTC] PHP Warning:  include_once(): Failed opening '../Model/Usuario.php' for inclusion (include_path='.:/usr/share/php:/usr/share/pear') in /home/ubuntu/workspace/MVC/DAO/Cliente.php on line 3
[21-May-2016 19:47:28 UTC] PHP Stack trace:
[21-May-2016 19:47:28 UTC] PHP   1. {main}() /home/ubuntu/workspace/MVC/View/cliente/adicionar.php:0
[21-May-2016 19:47:28 UTC] PHP   2. include_once() /home/ubuntu/workspace/MVC/View/cliente/adicionar.php:3
[21-May-2016 19:50:25 UTC] PHP Warning:  include_once(../Model/Usuario.php): failed to open stream: No such file or directory in /home/ubuntu/workspace/MVC/DAO/Cliente.php on line 3
[21-May-2016 19:50:25 UTC] PHP Stack trace:
[21-May-2016 19:50:25 UTC] PHP   1. {main}() /home/ubuntu/workspace/MVC/View/cliente/adicionar.php:0
[21-May-2016 19:50:25 UTC] PHP   2. include_once() /home/ubuntu/workspace/MVC/View/cliente/adicionar.php:3
[21-May-2016 19:50:25 UTC] PHP Warning:  include_once(): Failed opening '../Model/Usuario.php' for inclusion (include_path='.:/usr/share/php:/usr/share/pear') in /home/ubuntu/workspace/MVC/DAO/Cliente.php on line 3
[21-May-2016 19:50:25 UTC] PHP Stack trace:
[21-May-2016 19:50:25 UTC] PHP   1. {main}() /home/ubuntu/workspace/MVC/View/cliente/adicionar.php:0
[21-May-2016 19:50:25 UTC] PHP   2. include_once() /home/ubuntu/workspace/MVC/View/cliente/adicionar.php:3
[21-May-2016 19:50:25 UTC] PHP Fatal error:  Class 'Model_Cliente' not found in /home/ubuntu/workspace/MVC/DAO/Cliente.php on line 95
[21-May-2016 19:50:25 UTC] PHP Stack trace:
[21-May-2016 19:50:25 UTC] PHP   1. {main}() /home/ubuntu/workspace/MVC/View/cliente/adicionar.php:0
[21-May-2016 19:50:25 UTC] PHP   2. DAO_Cliente->selectAll() /home/ubuntu/workspace/MVC/View/cliente/adicionar.php:6
